{"/app/tailwind.config.js": {"path":"/app/tailwind.config.js","all":true,"statementMap":{"0":{"start":{"line":1,"column":0},"end":{"line":1,"column":43}},"1":{"start":{"line":2,"column":0},"end":{"line":2,"column":16}},"2":{"start":{"line":3,"column":0},"end":{"line":3,"column":12}},"3":{"start":{"line":4,"column":0},"end":{"line":4,"column":19}},"4":{"start":{"line":5,"column":0},"end":{"line":5,"column":33}},"5":{"start":{"line":6,"column":0},"end":{"line":6,"column":4}},"6":{"start":{"line":7,"column":0},"end":{"line":7,"column":10}},"7":{"start":{"line":8,"column":0},"end":{"line":8,"column":15}},"8":{"start":{"line":9,"column":0},"end":{"line":9,"column":4}},"9":{"start":{"line":10,"column":0},"end":{"line":10,"column":14}},"10":{"start":{"line":11,"column":0},"end":{"line":11,"column":1}}},"s":{"0":0,"1":0,"2":0,"3":0,"4":0,"5":0,"6":0,"7":0,"8":0,"9":0,"10":0},"branchMap":{"0":{"type":"branch","line":1,"loc":{"start":{"line":1,"column":0},"end":{"line":11,"column":-13}},"locations":[{"start":{"line":1,"column":0},"end":{"line":11,"column":-13}}]}},"b":{"0":[0]},"fnMap":{"0":{"name":"(empty-report)","decl":{"start":{"line":1,"column":0},"end":{"line":11,"column":-13}},"loc":{"start":{"line":1,"column":0},"end":{"line":11,"column":-13}},"line":1}},"f":{"0":0}}
,"/app/src/App.tsx": {"path":"/app/src/App.tsx","all":false,"statementMap":{"0":{"start":{"line":1,"column":0},"end":{"line":1,"column":26}},"1":{"start":{"line":2,"column":0},"end":{"line":2,"column":8}},"2":{"start":{"line":3,"column":0},"end":{"line":3,"column":26}},"3":{"start":{"line":4,"column":0},"end":{"line":4,"column":9}},"4":{"start":{"line":5,"column":0},"end":{"line":5,"column":8}},"5":{"start":{"line":6,"column":0},"end":{"line":6,"column":10}},"6":{"start":{"line":7,"column":0},"end":{"line":7,"column":26}},"7":{"start":{"line":8,"column":0},"end":{"line":8,"column":44}},"8":{"start":{"line":9,"column":0},"end":{"line":9,"column":52}},"9":{"start":{"line":10,"column":0},"end":{"line":10,"column":44}},"10":{"start":{"line":11,"column":0},"end":{"line":11,"column":52}},"11":{"start":{"line":12,"column":0},"end":{"line":12,"column":0}},"12":{"start":{"line":13,"column":0},"end":{"line":13,"column":16}},"13":{"start":{"line":14,"column":0},"end":{"line":14,"column":24}},"14":{"start":{"line":15,"column":0},"end":{"line":15,"column":76}},"15":{"start":{"line":16,"column":0},"end":{"line":16,"column":45}},"16":{"start":{"line":17,"column":0},"end":{"line":17,"column":0}},"17":{"start":{"line":18,"column":0},"end":{"line":18,"column":10}},"18":{"start":{"line":19,"column":0},"end":{"line":19,"column":12}},"19":{"start":{"line":20,"column":0},"end":{"line":20,"column":11}},"20":{"start":{"line":21,"column":0},"end":{"line":21,"column":37}},"21":{"start":{"line":22,"column":0},"end":{"line":22,"column":66}},"22":{"start":{"line":23,"column":0},"end":{"line":23,"column":77}},"23":{"start":{"line":24,"column":0},"end":{"line":24,"column":105}},"24":{"start":{"line":25,"column":0},"end":{"line":25,"column":81}},"25":{"start":{"line":26,"column":0},"end":{"line":26,"column":32}},"26":{"start":{"line":27,"column":0},"end":{"line":27,"column":22}},"27":{"start":{"line":28,"column":0},"end":{"line":28,"column":57}},"28":{"start":{"line":29,"column":0},"end":{"line":29,"column":50}},"29":{"start":{"line":30,"column":0},"end":{"line":30,"column":28}},"30":{"start":{"line":31,"column":0},"end":{"line":31,"column":28}},"31":{"start":{"line":32,"column":0},"end":{"line":32,"column":48}},"32":{"start":{"line":33,"column":0},"end":{"line":33,"column":32}},"33":{"start":{"line":34,"column":0},"end":{"line":34,"column":71}},"34":{"start":{"line":35,"column":0},"end":{"line":35,"column":42}},"35":{"start":{"line":36,"column":0},"end":{"line":36,"column":24}},"36":{"start":{"line":37,"column":0},"end":{"line":37,"column":28}},"37":{"start":{"line":38,"column":0},"end":{"line":38,"column":30}},"38":{"start":{"line":39,"column":0},"end":{"line":39,"column":28}},"39":{"start":{"line":40,"column":0},"end":{"line":40,"column":32}},"40":{"start":{"line":41,"column":0},"end":{"line":41,"column":48}},"41":{"start":{"line":42,"column":0},"end":{"line":42,"column":32}},"42":{"start":{"line":43,"column":0},"end":{"line":43,"column":71}},"43":{"start":{"line":44,"column":0},"end":{"line":44,"column":42}},"44":{"start":{"line":45,"column":0},"end":{"line":45,"column":24}},"45":{"start":{"line":46,"column":0},"end":{"line":46,"column":27}},"46":{"start":{"line":47,"column":0},"end":{"line":47,"column":30}},"47":{"start":{"line":48,"column":0},"end":{"line":48,"column":24}},"48":{"start":{"line":49,"column":0},"end":{"line":49,"column":22}},"49":{"start":{"line":50,"column":0},"end":{"line":50,"column":20}},"50":{"start":{"line":51,"column":0},"end":{"line":51,"column":18}},"51":{"start":{"line":52,"column":0},"end":{"line":52,"column":16}},"52":{"start":{"line":53,"column":0},"end":{"line":53,"column":14}},"53":{"start":{"line":54,"column":0},"end":{"line":54,"column":30}},"54":{"start":{"line":55,"column":0},"end":{"line":55,"column":18}},"55":{"start":{"line":56,"column":0},"end":{"line":56,"column":49}},"56":{"start":{"line":57,"column":0},"end":{"line":57,"column":63}},"57":{"start":{"line":58,"column":0},"end":{"line":58,"column":53}},"58":{"start":{"line":59,"column":0},"end":{"line":59,"column":62}},"59":{"start":{"line":60,"column":0},"end":{"line":60,"column":19}},"60":{"start":{"line":61,"column":0},"end":{"line":61,"column":15}},"61":{"start":{"line":62,"column":0},"end":{"line":62,"column":12}},"62":{"start":{"line":63,"column":0},"end":{"line":63,"column":13}},"63":{"start":{"line":64,"column":0},"end":{"line":64,"column":4}},"64":{"start":{"line":65,"column":0},"end":{"line":65,"column":1}},"65":{"start":{"line":66,"column":0},"end":{"line":66,"column":0}},"66":{"start":{"line":67,"column":0},"end":{"line":67,"column":19}}},"s":{"0":1,"1":1,"2":1,"3":1,"4":1,"5":1,"6":1,"7":1,"8":1,"9":1,"10":1,"11":1,"12":1,"13":1,"14":1,"15":1,"16":1,"17":1,"18":1,"19":1,"20":1,"21":1,"22":1,"23":1,"24":1,"25":1,"26":1,"27":1,"28":1,"29":1,"30":1,"31":1,"32":1,"33":1,"34":0,"35":1,"36":1,"37":1,"38":1,"39":1,"40":1,"41":1,"42":0,"43":1,"44":1,"45":1,"46":1,"47":1,"48":1,"49":1,"50":1,"51":1,"52":1,"53":1,"54":1,"55":1,"56":1,"57":1,"58":1,"59":1,"60":1,"61":1,"62":1,"63":1,"64":1,"65":1,"66":1},"branchMap":{"0":{"type":"branch","line":13,"loc":{"start":{"line":13,"column":0},"end":{"line":65,"column":1}},"locations":[{"start":{"line":13,"column":0},"end":{"line":65,"column":1}}]},"1":{"type":"branch","line":32,"loc":{"start":{"line":32,"column":33},"end":{"line":35,"column":42}},"locations":[{"start":{"line":32,"column":33},"end":{"line":35,"column":42}}]},"2":{"type":"branch","line":34,"loc":{"start":{"line":34,"column":69},"end":{"line":35,"column":42}},"locations":[{"start":{"line":34,"column":69},"end":{"line":35,"column":42}}]},"3":{"type":"branch","line":41,"loc":{"start":{"line":41,"column":33},"end":{"line":44,"column":42}},"locations":[{"start":{"line":41,"column":33},"end":{"line":44,"column":42}}]},"4":{"type":"branch","line":42,"loc":{"start":{"line":42,"column":24},"end":{"line":43,"column":71}},"locations":[{"start":{"line":42,"column":24},"end":{"line":43,"column":71}}]}},"b":{"0":[1],"1":[1],"2":[0],"3":[1],"4":[0]},"fnMap":{"0":{"name":"App","decl":{"start":{"line":13,"column":0},"end":{"line":65,"column":1}},"loc":{"start":{"line":13,"column":0},"end":{"line":65,"column":1}},"line":13},"1":{"name":"className","decl":{"start":{"line":32,"column":33},"end":{"line":35,"column":42}},"loc":{"start":{"line":32,"column":33},"end":{"line":35,"column":42}},"line":32},"2":{"name":"className","decl":{"start":{"line":41,"column":33},"end":{"line":44,"column":42}},"loc":{"start":{"line":41,"column":33},"end":{"line":44,"column":42}},"line":41}},"f":{"0":1,"1":1,"2":1}}
,"/app/src/index.tsx": {"path":"/app/src/index.tsx","all":true,"statementMap":{"0":{"start":{"line":1,"column":0},"end":{"line":1,"column":26}},"1":{"start":{"line":2,"column":0},"end":{"line":2,"column":40}},"2":{"start":{"line":3,"column":0},"end":{"line":3,"column":24}},"3":{"start":{"line":4,"column":0},"end":{"line":4,"column":72}},"4":{"start":{"line":5,"column":0},"end":{"line":5,"column":0}},"5":{"start":{"line":6,"column":0},"end":{"line":6,"column":75}},"6":{"start":{"line":7,"column":0},"end":{"line":7,"column":20}},"7":{"start":{"line":8,"column":0},"end":{"line":8,"column":11}},"8":{"start":{"line":9,"column":0},"end":{"line":9,"column":22}},"9":{"start":{"line":10,"column":0},"end":{"line":10,"column":2}}},"s":{"0":0,"1":0,"2":0,"3":0,"4":0,"5":0,"6":0,"7":0,"8":0,"9":0},"branchMap":{"0":{"type":"branch","line":1,"loc":{"start":{"line":1,"column":301},"end":{"line":10,"column":2}},"locations":[{"start":{"line":1,"column":301},"end":{"line":10,"column":2}}]}},"b":{"0":[0]},"fnMap":{"0":{"name":"(empty-report)","decl":{"start":{"line":1,"column":301},"end":{"line":10,"column":2}},"loc":{"start":{"line":1,"column":301},"end":{"line":10,"column":2}},"line":1}},"f":{"0":0}}
,"/app/src/components/DeleteConfirm.tsx": {"path":"/app/src/components/DeleteConfirm.tsx","all":false,"statementMap":{"0":{"start":{"line":1,"column":0},"end":{"line":1,"column":26}},"1":{"start":{"line":2,"column":0},"end":{"line":2,"column":0}},"2":{"start":{"line":3,"column":0},"end":{"line":3,"column":33}},"3":{"start":{"line":4,"column":0},"end":{"line":4,"column":18}},"4":{"start":{"line":5,"column":0},"end":{"line":5,"column":39}},"5":{"start":{"line":6,"column":0},"end":{"line":6,"column":22}},"6":{"start":{"line":7,"column":0},"end":{"line":7,"column":21}},"7":{"start":{"line":8,"column":0},"end":{"line":8,"column":1}},"8":{"start":{"line":9,"column":0},"end":{"line":9,"column":0}},"9":{"start":{"line":10,"column":0},"end":{"line":10,"column":34}},"10":{"start":{"line":11,"column":0},"end":{"line":11,"column":15}},"11":{"start":{"line":12,"column":0},"end":{"line":12,"column":11}},"12":{"start":{"line":13,"column":0},"end":{"line":13,"column":10}},"13":{"start":{"line":14,"column":0},"end":{"line":14,"column":12}},"14":{"start":{"line":15,"column":0},"end":{"line":15,"column":27}},"15":{"start":{"line":16,"column":0},"end":{"line":16,"column":19}},"16":{"start":{"line":17,"column":0},"end":{"line":17,"column":16}},"17":{"start":{"line":18,"column":0},"end":{"line":18,"column":3}},"18":{"start":{"line":19,"column":0},"end":{"line":19,"column":0}},"19":{"start":{"line":20,"column":0},"end":{"line":20,"column":30}},"20":{"start":{"line":21,"column":0},"end":{"line":21,"column":19}},"21":{"start":{"line":22,"column":0},"end":{"line":22,"column":29}},"22":{"start":{"line":23,"column":0},"end":{"line":23,"column":12}},"23":{"start":{"line":24,"column":0},"end":{"line":24,"column":16}},"24":{"start":{"line":25,"column":0},"end":{"line":25,"column":5}},"25":{"start":{"line":26,"column":0},"end":{"line":26,"column":4}},"26":{"start":{"line":27,"column":0},"end":{"line":27,"column":0}},"27":{"start":{"line":28,"column":0},"end":{"line":28,"column":10}},"28":{"start":{"line":29,"column":0},"end":{"line":29,"column":91}},"29":{"start":{"line":30,"column":0},"end":{"line":30,"column":69}},"30":{"start":{"line":31,"column":0},"end":{"line":31,"column":69}},"31":{"start":{"line":32,"column":0},"end":{"line":32,"column":55}},"32":{"start":{"line":33,"column":0},"end":{"line":33,"column":17}},"33":{"start":{"line":34,"column":0},"end":{"line":34,"column":34}},"34":{"start":{"line":35,"column":0},"end":{"line":35,"column":91}},"35":{"start":{"line":36,"column":0},"end":{"line":36,"column":14}},"36":{"start":{"line":37,"column":0},"end":{"line":37,"column":19}},"37":{"start":{"line":38,"column":0},"end":{"line":38,"column":17}},"38":{"start":{"line":39,"column":0},"end":{"line":39,"column":29}},"39":{"start":{"line":40,"column":0},"end":{"line":40,"column":93}},"40":{"start":{"line":41,"column":0},"end":{"line":41,"column":16}},"41":{"start":{"line":42,"column":0},"end":{"line":42,"column":19}},"42":{"start":{"line":43,"column":0},"end":{"line":43,"column":14}},"43":{"start":{"line":44,"column":0},"end":{"line":44,"column":12}},"44":{"start":{"line":45,"column":0},"end":{"line":45,"column":10}},"45":{"start":{"line":46,"column":0},"end":{"line":46,"column":4}},"46":{"start":{"line":47,"column":0},"end":{"line":47,"column":1}}},"s":{"0":1,"1":1,"2":1,"3":1,"4":1,"5":1,"6":1,"7":1,"8":1,"9":1,"10":42,"11":42,"12":42,"13":42,"14":42,"15":42,"16":31,"17":31,"18":11,"19":11,"20":5,"21":4,"22":4,"23":1,"24":1,"25":5,"26":11,"27":11,"28":11,"29":11,"30":11,"31":11,"32":11,"33":11,"34":11,"35":11,"36":11,"37":11,"38":11,"39":11,"40":11,"41":11,"42":11,"43":11,"44":11,"45":11,"46":11},"branchMap":{"0":{"type":"branch","line":10,"loc":{"start":{"line":10,"column":7},"end":{"line":47,"column":1}},"locations":[{"start":{"line":10,"column":7},"end":{"line":47,"column":1}}]},"1":{"type":"branch","line":16,"loc":{"start":{"line":16,"column":18},"end":{"line":18,"column":3}},"locations":[{"start":{"line":16,"column":18},"end":{"line":18,"column":3}}]},"2":{"type":"branch","line":18,"loc":{"start":{"line":18,"column":2},"end":{"line":47,"column":1}},"locations":[{"start":{"line":18,"column":2},"end":{"line":47,"column":1}}]},"3":{"type":"branch","line":20,"loc":{"start":{"line":20,"column":23},"end":{"line":26,"column":4}},"locations":[{"start":{"line":20,"column":23},"end":{"line":26,"column":4}}]},"4":{"type":"branch","line":21,"loc":{"start":{"line":21,"column":18},"end":{"line":25,"column":5}},"locations":[{"start":{"line":21,"column":18},"end":{"line":25,"column":5}}]},"5":{"type":"branch","line":23,"loc":{"start":{"line":23,"column":4},"end":{"line":25,"column":5}},"locations":[{"start":{"line":23,"column":4},"end":{"line":25,"column":5}}]}},"b":{"0":[42],"1":[31],"2":[11],"3":[5],"4":[4],"5":[1]},"fnMap":{"0":{"name":"DeleteConfirm","decl":{"start":{"line":10,"column":7},"end":{"line":47,"column":1}},"loc":{"start":{"line":10,"column":7},"end":{"line":47,"column":1}},"line":10},"1":{"name":"handleDelete","decl":{"start":{"line":20,"column":23},"end":{"line":26,"column":4}},"loc":{"start":{"line":20,"column":23},"end":{"line":26,"column":4}},"line":20}},"f":{"0":42,"1":5}}
,"/app/src/components/NewStringItem.tsx": {"path":"/app/src/components/NewStringItem.tsx","all":false,"statementMap":{"0":{"start":{"line":1,"column":0},"end":{"line":1,"column":38}},"1":{"start":{"line":2,"column":0},"end":{"line":2,"column":0}},"2":{"start":{"line":3,"column":0},"end":{"line":3,"column":37}},"3":{"start":{"line":4,"column":0},"end":{"line":4,"column":14}},"4":{"start":{"line":5,"column":0},"end":{"line":5,"column":15}},"5":{"start":{"line":6,"column":0},"end":{"line":6,"column":1}},"6":{"start":{"line":7,"column":0},"end":{"line":7,"column":0}},"7":{"start":{"line":8,"column":0},"end":{"line":8,"column":30}},"8":{"start":{"line":9,"column":0},"end":{"line":9,"column":16}},"9":{"start":{"line":10,"column":0},"end":{"line":10,"column":46}},"10":{"start":{"line":11,"column":0},"end":{"line":11,"column":23}},"11":{"start":{"line":12,"column":0},"end":{"line":12,"column":1}},"12":{"start":{"line":13,"column":0},"end":{"line":13,"column":0}},"13":{"start":{"line":14,"column":0},"end":{"line":14,"column":77}},"14":{"start":{"line":15,"column":0},"end":{"line":15,"column":52}},"15":{"start":{"line":16,"column":0},"end":{"line":16,"column":45}},"16":{"start":{"line":17,"column":0},"end":{"line":17,"column":0}},"17":{"start":{"line":18,"column":0},"end":{"line":18,"column":29}},"18":{"start":{"line":19,"column":0},"end":{"line":19,"column":24}},"19":{"start":{"line":20,"column":0},"end":{"line":20,"column":19}},"20":{"start":{"line":21,"column":0},"end":{"line":21,"column":18}},"21":{"start":{"line":22,"column":0},"end":{"line":22,"column":16}},"22":{"start":{"line":23,"column":0},"end":{"line":23,"column":5}},"23":{"start":{"line":24,"column":0},"end":{"line":24,"column":4}},"24":{"start":{"line":25,"column":0},"end":{"line":25,"column":0}},"25":{"start":{"line":26,"column":0},"end":{"line":26,"column":28}},"26":{"start":{"line":27,"column":0},"end":{"line":27,"column":28}},"27":{"start":{"line":28,"column":0},"end":{"line":28,"column":56}},"28":{"start":{"line":29,"column":0},"end":{"line":29,"column":5}},"29":{"start":{"line":30,"column":0},"end":{"line":30,"column":18}},"30":{"start":{"line":31,"column":0},"end":{"line":31,"column":4}},"31":{"start":{"line":32,"column":0},"end":{"line":32,"column":0}},"32":{"start":{"line":33,"column":0},"end":{"line":33,"column":10}},"33":{"start":{"line":34,"column":0},"end":{"line":34,"column":38}},"34":{"start":{"line":35,"column":0},"end":{"line":35,"column":13}},"35":{"start":{"line":36,"column":0},"end":{"line":36,"column":42}},"36":{"start":{"line":37,"column":0},"end":{"line":37,"column":91}},"37":{"start":{"line":38,"column":0},"end":{"line":38,"column":15}},"38":{"start":{"line":39,"column":0},"end":{"line":39,"column":15}},"39":{"start":{"line":40,"column":0},"end":{"line":40,"column":21}},"40":{"start":{"line":41,"column":0},"end":{"line":41,"column":95}},"41":{"start":{"line":42,"column":0},"end":{"line":42,"column":61}},"42":{"start":{"line":43,"column":0},"end":{"line":43,"column":64}},"43":{"start":{"line":44,"column":0},"end":{"line":44,"column":18}},"44":{"start":{"line":45,"column":0},"end":{"line":45,"column":25}},"45":{"start":{"line":46,"column":0},"end":{"line":46,"column":29}},"46":{"start":{"line":47,"column":0},"end":{"line":47,"column":58}},"47":{"start":{"line":48,"column":0},"end":{"line":48,"column":41}},"48":{"start":{"line":49,"column":0},"end":{"line":49,"column":153}},"49":{"start":{"line":50,"column":0},"end":{"line":50,"column":14}},"50":{"start":{"line":51,"column":0},"end":{"line":51,"column":56}},"51":{"start":{"line":52,"column":0},"end":{"line":52,"column":21}},"52":{"start":{"line":53,"column":0},"end":{"line":53,"column":36}},"53":{"start":{"line":54,"column":0},"end":{"line":54,"column":97}},"54":{"start":{"line":55,"column":0},"end":{"line":55,"column":25}},"55":{"start":{"line":56,"column":0},"end":{"line":56,"column":23}},"56":{"start":{"line":57,"column":0},"end":{"line":57,"column":21}},"57":{"start":{"line":58,"column":0},"end":{"line":58,"column":37}},"58":{"start":{"line":59,"column":0},"end":{"line":59,"column":97}},"59":{"start":{"line":60,"column":0},"end":{"line":60,"column":25}},"60":{"start":{"line":61,"column":0},"end":{"line":61,"column":23}},"61":{"start":{"line":62,"column":0},"end":{"line":62,"column":18}},"62":{"start":{"line":63,"column":0},"end":{"line":63,"column":16}},"63":{"start":{"line":64,"column":0},"end":{"line":64,"column":14}},"64":{"start":{"line":65,"column":0},"end":{"line":65,"column":8}},"65":{"start":{"line":66,"column":0},"end":{"line":66,"column":10}},"66":{"start":{"line":67,"column":0},"end":{"line":67,"column":4}},"67":{"start":{"line":68,"column":0},"end":{"line":68,"column":1}}},"s":{"0":1,"1":1,"2":1,"3":1,"4":1,"5":1,"6":1,"7":1,"8":1,"9":1,"10":1,"11":1,"12":1,"13":1,"14":47,"15":47,"16":47,"17":47,"18":5,"19":5,"20":5,"21":1,"22":1,"23":5,"24":47,"25":47,"26":4,"27":3,"28":3,"29":4,"30":4,"31":47,"32":47,"33":47,"34":47,"35":47,"36":47,"37":47,"38":47,"39":47,"40":11,"41":11,"42":11,"43":11,"44":11,"45":11,"46":11,"47":11,"48":11,"49":11,"50":11,"51":11,"52":11,"53":11,"54":11,"55":11,"56":11,"57":11,"58":11,"59":11,"60":11,"61":11,"62":11,"63":11,"64":47,"65":47,"66":47,"67":47},"branchMap":{"0":{"type":"branch","line":14,"loc":{"start":{"line":14,"column":7},"end":{"line":68,"column":1}},"locations":[{"start":{"line":14,"column":7},"end":{"line":68,"column":1}}]},"1":{"type":"branch","line":40,"loc":{"start":{"line":40,"column":7},"end":{"line":64,"column":14}},"locations":[{"start":{"line":40,"column":7},"end":{"line":64,"column":14}}]},"2":{"type":"branch","line":18,"loc":{"start":{"line":18,"column":22},"end":{"line":24,"column":4}},"locations":[{"start":{"line":18,"column":22},"end":{"line":24,"column":4}}]},"3":{"type":"branch","line":21,"loc":{"start":{"line":21,"column":17},"end":{"line":23,"column":5}},"locations":[{"start":{"line":21,"column":17},"end":{"line":23,"column":5}}]},"4":{"type":"branch","line":26,"loc":{"start":{"line":26,"column":21},"end":{"line":31,"column":4}},"locations":[{"start":{"line":26,"column":21},"end":{"line":31,"column":4}}]},"5":{"type":"branch","line":27,"loc":{"start":{"line":27,"column":27},"end":{"line":29,"column":5}},"locations":[{"start":{"line":27,"column":27},"end":{"line":29,"column":5}}]},"6":{"type":"branch","line":36,"loc":{"start":{"line":36,"column":17},"end":{"line":36,"column":42}},"locations":[{"start":{"line":36,"column":17},"end":{"line":36,"column":42}}]},"7":{"type":"branch","line":47,"loc":{"start":{"line":47,"column":24},"end":{"line":47,"column":58}},"locations":[{"start":{"line":47,"column":24},"end":{"line":47,"column":58}}]}},"b":{"0":[47],"1":[11],"2":[5],"3":[1],"4":[4],"5":[3],"6":[7],"7":[4]},"fnMap":{"0":{"name":"NewStringItem","decl":{"start":{"line":14,"column":7},"end":{"line":68,"column":1}},"loc":{"start":{"line":14,"column":7},"end":{"line":68,"column":1}},"line":14},"1":{"name":"handleAbort","decl":{"start":{"line":18,"column":22},"end":{"line":24,"column":4}},"loc":{"start":{"line":18,"column":22},"end":{"line":24,"column":4}},"line":18},"2":{"name":"handleSave","decl":{"start":{"line":26,"column":21},"end":{"line":31,"column":4}},"loc":{"start":{"line":26,"column":21},"end":{"line":31,"column":4}},"line":26},"3":{"name":"onClick","decl":{"start":{"line":36,"column":17},"end":{"line":36,"column":42}},"loc":{"start":{"line":36,"column":17},"end":{"line":36,"column":42}},"line":36},"4":{"name":"onChange","decl":{"start":{"line":47,"column":24},"end":{"line":47,"column":58}},"loc":{"start":{"line":47,"column":24},"end":{"line":47,"column":58}},"line":47}},"f":{"0":47,"1":5,"2":4,"3":7,"4":4}}
,"/app/src/components/Kawa/Kawa.tsx": {"path":"/app/src/components/Kawa/Kawa.tsx","all":false,"statementMap":{"0":{"start":{"line":1,"column":0},"end":{"line":1,"column":49}},"1":{"start":{"line":2,"column":0},"end":{"line":2,"column":45}},"2":{"start":{"line":3,"column":0},"end":{"line":3,"column":67}},"3":{"start":{"line":4,"column":0},"end":{"line":4,"column":47}},"4":{"start":{"line":5,"column":0},"end":{"line":5,"column":0}},"5":{"start":{"line":6,"column":0},"end":{"line":6,"column":33}},"6":{"start":{"line":7,"column":0},"end":{"line":7,"column":0}},"7":{"start":{"line":8,"column":0},"end":{"line":8,"column":24}},"8":{"start":{"line":9,"column":0},"end":{"line":9,"column":63}},"9":{"start":{"line":10,"column":0},"end":{"line":10,"column":51}},"10":{"start":{"line":11,"column":0},"end":{"line":11,"column":34}},"11":{"start":{"line":12,"column":0},"end":{"line":12,"column":15}},"12":{"start":{"line":13,"column":0},"end":{"line":13,"column":33}},"13":{"start":{"line":14,"column":0},"end":{"line":14,"column":0}},"14":{"start":{"line":15,"column":0},"end":{"line":15,"column":19}},"15":{"start":{"line":16,"column":0},"end":{"line":16,"column":63}},"16":{"start":{"line":17,"column":0},"end":{"line":17,"column":22}},"17":{"start":{"line":18,"column":0},"end":{"line":18,"column":40}},"18":{"start":{"line":19,"column":0},"end":{"line":19,"column":5}},"19":{"start":{"line":20,"column":0},"end":{"line":20,"column":9}},"20":{"start":{"line":21,"column":0},"end":{"line":21,"column":0}},"21":{"start":{"line":22,"column":0},"end":{"line":22,"column":61}},"22":{"start":{"line":23,"column":0},"end":{"line":23,"column":69}},"23":{"start":{"line":24,"column":0},"end":{"line":24,"column":4}},"24":{"start":{"line":25,"column":0},"end":{"line":25,"column":0}},"25":{"start":{"line":26,"column":0},"end":{"line":26,"column":53}},"26":{"start":{"line":27,"column":0},"end":{"line":27,"column":23}},"27":{"start":{"line":28,"column":0},"end":{"line":28,"column":43}},"28":{"start":{"line":29,"column":0},"end":{"line":29,"column":25}},"29":{"start":{"line":30,"column":0},"end":{"line":30,"column":30}},"30":{"start":{"line":31,"column":0},"end":{"line":31,"column":65}},"31":{"start":{"line":32,"column":0},"end":{"line":32,"column":5}},"32":{"start":{"line":33,"column":0},"end":{"line":33,"column":4}},"33":{"start":{"line":34,"column":0},"end":{"line":34,"column":0}},"34":{"start":{"line":35,"column":0},"end":{"line":35,"column":60}},"35":{"start":{"line":36,"column":0},"end":{"line":36,"column":75}},"36":{"start":{"line":37,"column":0},"end":{"line":37,"column":23}},"37":{"start":{"line":38,"column":0},"end":{"line":38,"column":28}},"38":{"start":{"line":39,"column":0},"end":{"line":39,"column":31}},"39":{"start":{"line":40,"column":0},"end":{"line":40,"column":4}},"40":{"start":{"line":41,"column":0},"end":{"line":41,"column":0}},"41":{"start":{"line":42,"column":0},"end":{"line":42,"column":10}},"42":{"start":{"line":43,"column":0},"end":{"line":43,"column":25}},"43":{"start":{"line":44,"column":0},"end":{"line":44,"column":62}},"44":{"start":{"line":45,"column":0},"end":{"line":45,"column":78}},"45":{"start":{"line":46,"column":0},"end":{"line":46,"column":0}},"46":{"start":{"line":47,"column":0},"end":{"line":47,"column":20}},"47":{"start":{"line":48,"column":0},"end":{"line":48,"column":46}},"48":{"start":{"line":49,"column":0},"end":{"line":49,"column":35}},"49":{"start":{"line":50,"column":0},"end":{"line":50,"column":29}},"50":{"start":{"line":51,"column":0},"end":{"line":51,"column":50}},"51":{"start":{"line":52,"column":0},"end":{"line":52,"column":8}},"52":{"start":{"line":53,"column":0},"end":{"line":53,"column":0}},"53":{"start":{"line":54,"column":0},"end":{"line":54,"column":33}},"54":{"start":{"line":55,"column":0},"end":{"line":55,"column":30}},"55":{"start":{"line":56,"column":0},"end":{"line":56,"column":17}},"56":{"start":{"line":57,"column":0},"end":{"line":57,"column":26}},"57":{"start":{"line":58,"column":0},"end":{"line":58,"column":99}},"58":{"start":{"line":59,"column":0},"end":{"line":59,"column":80}},"59":{"start":{"line":60,"column":0},"end":{"line":60,"column":35}},"60":{"start":{"line":61,"column":0},"end":{"line":61,"column":33}},"61":{"start":{"line":62,"column":0},"end":{"line":62,"column":36}},"62":{"start":{"line":63,"column":0},"end":{"line":63,"column":15}},"63":{"start":{"line":64,"column":0},"end":{"line":64,"column":23}},"64":{"start":{"line":65,"column":0},"end":{"line":65,"column":19}},"65":{"start":{"line":66,"column":0},"end":{"line":66,"column":11}},"66":{"start":{"line":67,"column":0},"end":{"line":67,"column":12}},"67":{"start":{"line":68,"column":0},"end":{"line":68,"column":52}},"68":{"start":{"line":69,"column":0},"end":{"line":69,"column":37}},"69":{"start":{"line":70,"column":0},"end":{"line":70,"column":10}},"70":{"start":{"line":71,"column":0},"end":{"line":71,"column":10}},"71":{"start":{"line":72,"column":0},"end":{"line":72,"column":4}},"72":{"start":{"line":73,"column":0},"end":{"line":73,"column":1}}},"s":{"0":1,"1":1,"2":1,"3":1,"4":1,"5":1,"6":1,"7":1,"8":17,"9":17,"10":17,"11":17,"12":17,"13":17,"14":17,"15":6,"16":6,"17":5,"18":5,"19":17,"20":17,"21":17,"22":2,"23":2,"24":17,"25":17,"26":1,"27":1,"28":1,"29":1,"30":1,"31":1,"32":1,"33":17,"34":17,"35":1,"36":1,"37":1,"38":1,"39":1,"40":17,"41":17,"42":17,"43":17,"44":17,"45":17,"46":17,"47":17,"48":17,"49":17,"50":17,"51":17,"52":17,"53":17,"54":17,"55":10,"56":10,"57":10,"58":10,"59":10,"60":3,"61":3,"62":3,"63":10,"64":10,"65":17,"66":17,"67":17,"68":17,"69":17,"70":17,"71":17,"72":17},"branchMap":{"0":{"type":"branch","line":8,"loc":{"start":{"line":8,"column":7},"end":{"line":73,"column":1}},"locations":[{"start":{"line":8,"column":7},"end":{"line":73,"column":1}}]},"1":{"type":"branch","line":15,"loc":{"start":{"line":15,"column":12},"end":{"line":20,"column":5}},"locations":[{"start":{"line":15,"column":12},"end":{"line":20,"column":5}}]},"2":{"type":"branch","line":17,"loc":{"start":{"line":17,"column":21},"end":{"line":19,"column":5}},"locations":[{"start":{"line":17,"column":21},"end":{"line":19,"column":5}}]},"3":{"type":"branch","line":22,"loc":{"start":{"line":22,"column":24},"end":{"line":24,"column":4}},"locations":[{"start":{"line":22,"column":24},"end":{"line":24,"column":4}}]},"4":{"type":"branch","line":26,"loc":{"start":{"line":26,"column":19},"end":{"line":33,"column":4}},"locations":[{"start":{"line":26,"column":19},"end":{"line":33,"column":4}}]},"5":{"type":"branch","line":35,"loc":{"start":{"line":35,"column":21},"end":{"line":40,"column":4}},"locations":[{"start":{"line":35,"column":21},"end":{"line":40,"column":4}}]},"6":{"type":"branch","line":36,"loc":{"start":{"line":36,"column":34},"end":{"line":36,"column":73}},"locations":[{"start":{"line":36,"column":34},"end":{"line":36,"column":73}}]},"7":{"type":"branch","line":51,"loc":{"start":{"line":51,"column":17},"end":{"line":51,"column":50}},"locations":[{"start":{"line":51,"column":17},"end":{"line":51,"column":50}}]},"8":{"type":"branch","line":55,"loc":{"start":{"line":55,"column":19},"end":{"line":65,"column":19}},"locations":[{"start":{"line":55,"column":19},"end":{"line":65,"column":19}}]},"9":{"type":"branch","line":59,"loc":{"start":{"line":59,"column":21},"end":{"line":59,"column":80}},"locations":[{"start":{"line":59,"column":21},"end":{"line":59,"column":80}}]},"10":{"type":"branch","line":60,"loc":{"start":{"line":60,"column":27},"end":{"line":63,"column":15}},"locations":[{"start":{"line":60,"column":27},"end":{"line":63,"column":15}}]}},"b":{"0":[17],"1":[6],"2":[5],"3":[2],"4":[1],"5":[1],"6":[1],"7":[1],"8":[10],"9":[1],"10":[3]},"fnMap":{"0":{"name":"Kawa","decl":{"start":{"line":8,"column":7},"end":{"line":73,"column":1}},"loc":{"start":{"line":8,"column":7},"end":{"line":73,"column":1}},"line":8},"1":{"name":"updateStorage","decl":{"start":{"line":22,"column":24},"end":{"line":24,"column":4}},"loc":{"start":{"line":22,"column":24},"end":{"line":24,"column":4}},"line":22},"2":{"name":"saveKawa","decl":{"start":{"line":26,"column":19},"end":{"line":33,"column":4}},"loc":{"start":{"line":26,"column":19},"end":{"line":33,"column":4}},"line":26},"3":{"name":"deleteKawa","decl":{"start":{"line":35,"column":21},"end":{"line":40,"column":4}},"loc":{"start":{"line":35,"column":21},"end":{"line":40,"column":4}},"line":35},"4":{"name":"onAbort","decl":{"start":{"line":51,"column":17},"end":{"line":51,"column":50}},"loc":{"start":{"line":51,"column":17},"end":{"line":51,"column":50}},"line":51},"5":{"name":"onClick","decl":{"start":{"line":59,"column":21},"end":{"line":59,"column":80}},"loc":{"start":{"line":59,"column":21},"end":{"line":59,"column":80}},"line":59},"6":{"name":"onContextMenu","decl":{"start":{"line":60,"column":27},"end":{"line":63,"column":15}},"loc":{"start":{"line":60,"column":27},"end":{"line":63,"column":15}},"line":60}},"f":{"0":17,"1":2,"2":1,"3":1,"4":1,"5":1,"6":3}}
,"/app/src/components/Kawa/KawaItem.tsx": {"path":"/app/src/components/Kawa/KawaItem.tsx","all":false,"statementMap":{"0":{"start":{"line":1,"column":0},"end":{"line":1,"column":39}},"1":{"start":{"line":2,"column":0},"end":{"line":2,"column":45}},"2":{"start":{"line":3,"column":0},"end":{"line":3,"column":40}},"3":{"start":{"line":4,"column":0},"end":{"line":4,"column":52}},"4":{"start":{"line":5,"column":0},"end":{"line":5,"column":0}},"5":{"start":{"line":6,"column":0},"end":{"line":6,"column":28}},"6":{"start":{"line":7,"column":0},"end":{"line":7,"column":33}},"7":{"start":{"line":8,"column":0},"end":{"line":8,"column":58}},"8":{"start":{"line":9,"column":0},"end":{"line":9,"column":0}},"9":{"start":{"line":10,"column":0},"end":{"line":10,"column":19}},"10":{"start":{"line":11,"column":0},"end":{"line":11,"column":15}},"11":{"start":{"line":12,"column":0},"end":{"line":12,"column":47}},"12":{"start":{"line":13,"column":0},"end":{"line":13,"column":5}},"13":{"start":{"line":14,"column":0},"end":{"line":14,"column":13}},"14":{"start":{"line":15,"column":0},"end":{"line":15,"column":0}},"15":{"start":{"line":16,"column":0},"end":{"line":16,"column":14}},"16":{"start":{"line":17,"column":0},"end":{"line":17,"column":84}},"17":{"start":{"line":18,"column":0},"end":{"line":18,"column":46}},"18":{"start":{"line":19,"column":0},"end":{"line":19,"column":12}},"19":{"start":{"line":20,"column":0},"end":{"line":20,"column":39}},"20":{"start":{"line":21,"column":0},"end":{"line":21,"column":61}},"21":{"start":{"line":22,"column":0},"end":{"line":22,"column":12}},"22":{"start":{"line":23,"column":0},"end":{"line":23,"column":6}},"23":{"start":{"line":24,"column":0},"end":{"line":24,"column":3}},"24":{"start":{"line":25,"column":0},"end":{"line":25,"column":0}},"25":{"start":{"line":26,"column":0},"end":{"line":26,"column":38}},"26":{"start":{"line":27,"column":0},"end":{"line":27,"column":0}},"27":{"start":{"line":28,"column":0},"end":{"line":28,"column":10}},"28":{"start":{"line":29,"column":0},"end":{"line":29,"column":25}},"29":{"start":{"line":30,"column":0},"end":{"line":30,"column":58}},"30":{"start":{"line":31,"column":0},"end":{"line":31,"column":40}},"31":{"start":{"line":32,"column":0},"end":{"line":32,"column":11}},"32":{"start":{"line":33,"column":0},"end":{"line":33,"column":60}},"33":{"start":{"line":34,"column":0},"end":{"line":34,"column":41}},"34":{"start":{"line":35,"column":0},"end":{"line":35,"column":21}},"35":{"start":{"line":36,"column":0},"end":{"line":36,"column":23}},"36":{"start":{"line":37,"column":0},"end":{"line":37,"column":27}},"37":{"start":{"line":38,"column":0},"end":{"line":38,"column":42}},"38":{"start":{"line":39,"column":0},"end":{"line":39,"column":12}},"39":{"start":{"line":40,"column":0},"end":{"line":40,"column":11}},"40":{"start":{"line":41,"column":0},"end":{"line":41,"column":12}},"41":{"start":{"line":42,"column":0},"end":{"line":42,"column":10}},"42":{"start":{"line":43,"column":0},"end":{"line":43,"column":4}},"43":{"start":{"line":44,"column":0},"end":{"line":44,"column":1}}},"s":{"0":1,"1":1,"2":1,"3":1,"4":1,"5":1,"6":3,"7":3,"8":3,"9":3,"10":3,"11":2,"12":2,"13":3,"14":3,"15":3,"16":1,"17":1,"18":1,"19":1,"20":1,"21":1,"22":1,"23":1,"24":2,"25":2,"26":2,"27":2,"28":2,"29":2,"30":2,"31":2,"32":2,"33":2,"34":8,"35":8,"36":8,"37":8,"38":8,"39":2,"40":2,"41":2,"42":2,"43":2},"branchMap":{"0":{"type":"branch","line":6,"loc":{"start":{"line":6,"column":7},"end":{"line":44,"column":1}},"locations":[{"start":{"line":6,"column":7},"end":{"line":44,"column":1}}]},"1":{"type":"branch","line":8,"loc":{"start":{"line":8,"column":24},"end":{"line":8,"column":58}},"locations":[{"start":{"line":8,"column":24},"end":{"line":8,"column":58}}]},"2":{"type":"branch","line":16,"loc":{"start":{"line":16,"column":13},"end":{"line":24,"column":3}},"locations":[{"start":{"line":16,"column":13},"end":{"line":24,"column":3}}]},"3":{"type":"branch","line":24,"loc":{"start":{"line":24,"column":2},"end":{"line":44,"column":1}},"locations":[{"start":{"line":24,"column":2},"end":{"line":44,"column":1}}]},"4":{"type":"branch","line":10,"loc":{"start":{"line":10,"column":12},"end":{"line":14,"column":5}},"locations":[{"start":{"line":10,"column":12},"end":{"line":14,"column":5}}]},"5":{"type":"branch","line":11,"loc":{"start":{"line":11,"column":14},"end":{"line":13,"column":5}},"locations":[{"start":{"line":11,"column":14},"end":{"line":13,"column":5}}]},"6":{"type":"branch","line":34,"loc":{"start":{"line":34,"column":21},"end":{"line":39,"column":12}},"locations":[{"start":{"line":34,"column":21},"end":{"line":39,"column":12}}]}},"b":{"0":[3],"1":[2],"2":[1],"3":[2],"4":[3],"5":[2],"6":[8]},"fnMap":{"0":{"name":"KawaItem","decl":{"start":{"line":6,"column":7},"end":{"line":44,"column":1}},"loc":{"start":{"line":6,"column":7},"end":{"line":44,"column":1}},"line":6}},"f":{"0":3}}
,"/app/src/components/Kawa/KawaLetter.tsx": {"path":"/app/src/components/Kawa/KawaLetter.tsx","all":false,"statementMap":{"0":{"start":{"line":1,"column":0},"end":{"line":1,"column":49}},"1":{"start":{"line":2,"column":0},"end":{"line":2,"column":0}},"2":{"start":{"line":3,"column":0},"end":{"line":3,"column":27}},"3":{"start":{"line":4,"column":0},"end":{"line":4,"column":17}},"4":{"start":{"line":5,"column":0},"end":{"line":5,"column":16}},"5":{"start":{"line":6,"column":0},"end":{"line":6,"column":40}},"6":{"start":{"line":7,"column":0},"end":{"line":7,"column":1}},"7":{"start":{"line":8,"column":0},"end":{"line":8,"column":0}},"8":{"start":{"line":9,"column":0},"end":{"line":9,"column":76}},"9":{"start":{"line":10,"column":0},"end":{"line":10,"column":39}},"10":{"start":{"line":11,"column":0},"end":{"line":11,"column":0}},"11":{"start":{"line":12,"column":0},"end":{"line":12,"column":60}},"12":{"start":{"line":13,"column":0},"end":{"line":13,"column":0}},"13":{"start":{"line":14,"column":0},"end":{"line":14,"column":19}},"14":{"start":{"line":15,"column":0},"end":{"line":15,"column":61}},"15":{"start":{"line":16,"column":0},"end":{"line":16,"column":21}},"16":{"start":{"line":17,"column":0},"end":{"line":17,"column":43}},"17":{"start":{"line":18,"column":0},"end":{"line":18,"column":5}},"18":{"start":{"line":19,"column":0},"end":{"line":19,"column":22}},"19":{"start":{"line":20,"column":0},"end":{"line":20,"column":0}},"20":{"start":{"line":21,"column":0},"end":{"line":21,"column":49}},"21":{"start":{"line":22,"column":0},"end":{"line":22,"column":21}},"22":{"start":{"line":23,"column":0},"end":{"line":23,"column":75}},"23":{"start":{"line":24,"column":0},"end":{"line":24,"column":23}},"24":{"start":{"line":25,"column":0},"end":{"line":25,"column":28}},"25":{"start":{"line":26,"column":0},"end":{"line":26,"column":5}},"26":{"start":{"line":27,"column":0},"end":{"line":27,"column":4}},"27":{"start":{"line":28,"column":0},"end":{"line":28,"column":0}},"28":{"start":{"line":29,"column":0},"end":{"line":29,"column":47}},"29":{"start":{"line":30,"column":0},"end":{"line":30,"column":10}},"30":{"start":{"line":31,"column":0},"end":{"line":31,"column":65}},"31":{"start":{"line":32,"column":0},"end":{"line":32,"column":66}},"32":{"start":{"line":33,"column":0},"end":{"line":33,"column":30}},"33":{"start":{"line":34,"column":0},"end":{"line":34,"column":14}},"34":{"start":{"line":35,"column":0},"end":{"line":35,"column":12}},"35":{"start":{"line":36,"column":0},"end":{"line":36,"column":20}},"36":{"start":{"line":37,"column":0},"end":{"line":37,"column":19}},"37":{"start":{"line":38,"column":0},"end":{"line":38,"column":20}},"38":{"start":{"line":39,"column":0},"end":{"line":39,"column":58}},"39":{"start":{"line":40,"column":0},"end":{"line":40,"column":142}},"40":{"start":{"line":41,"column":0},"end":{"line":41,"column":8}},"41":{"start":{"line":42,"column":0},"end":{"line":42,"column":10}},"42":{"start":{"line":43,"column":0},"end":{"line":43,"column":4}},"43":{"start":{"line":44,"column":0},"end":{"line":44,"column":1}}},"s":{"0":1,"1":1,"2":1,"3":1,"4":1,"5":1,"6":1,"7":1,"8":1,"9":7,"10":7,"11":7,"12":7,"13":7,"14":4,"15":4,"16":1,"17":1,"18":7,"19":7,"20":7,"21":2,"22":2,"23":2,"24":1,"25":1,"26":2,"27":7,"28":7,"29":7,"30":7,"31":7,"32":7,"33":7,"34":7,"35":7,"36":7,"37":7,"38":7,"39":7,"40":7,"41":7,"42":7,"43":7},"branchMap":{"0":{"type":"branch","line":9,"loc":{"start":{"line":9,"column":7},"end":{"line":44,"column":1}},"locations":[{"start":{"line":9,"column":7},"end":{"line":44,"column":1}}]},"1":{"type":"branch","line":12,"loc":{"start":{"line":12,"column":24},"end":{"line":12,"column":60}},"locations":[{"start":{"line":12,"column":24},"end":{"line":12,"column":60}}]},"2":{"type":"branch","line":14,"loc":{"start":{"line":14,"column":12},"end":{"line":19,"column":5}},"locations":[{"start":{"line":14,"column":12},"end":{"line":19,"column":5}}]},"3":{"type":"branch","line":16,"loc":{"start":{"line":16,"column":20},"end":{"line":18,"column":5}},"locations":[{"start":{"line":16,"column":20},"end":{"line":18,"column":5}}]},"4":{"type":"branch","line":21,"loc":{"start":{"line":21,"column":27},"end":{"line":27,"column":4}},"locations":[{"start":{"line":21,"column":27},"end":{"line":27,"column":4}}]},"5":{"type":"branch","line":24,"loc":{"start":{"line":24,"column":22},"end":{"line":26,"column":5}},"locations":[{"start":{"line":24,"column":22},"end":{"line":26,"column":5}}]},"6":{"type":"branch","line":39,"loc":{"start":{"line":39,"column":18},"end":{"line":39,"column":58}},"locations":[{"start":{"line":39,"column":18},"end":{"line":39,"column":58}}]}},"b":{"0":[7],"1":[6],"2":[4],"3":[1],"4":[2],"5":[1],"6":[2]},"fnMap":{"0":{"name":"KawaLetter","decl":{"start":{"line":9,"column":7},"end":{"line":44,"column":1}},"loc":{"start":{"line":9,"column":7},"end":{"line":44,"column":1}},"line":9},"1":{"name":"getStorageKey","decl":{"start":{"line":12,"column":24},"end":{"line":12,"column":60}},"loc":{"start":{"line":12,"column":24},"end":{"line":12,"column":60}},"line":12},"2":{"name":"handleTextChange","decl":{"start":{"line":21,"column":27},"end":{"line":27,"column":4}},"loc":{"start":{"line":21,"column":27},"end":{"line":27,"column":4}},"line":21},"3":{"name":"onChange","decl":{"start":{"line":39,"column":18},"end":{"line":39,"column":58}},"loc":{"start":{"line":39,"column":18},"end":{"line":39,"column":58}},"line":39}},"f":{"0":7,"1":6,"2":2,"3":2}}
,"/app/src/components/List/Letter.tsx": {"path":"/app/src/components/List/Letter.tsx","all":false,"statementMap":{"0":{"start":{"line":1,"column":0},"end":{"line":1,"column":49}},"1":{"start":{"line":2,"column":0},"end":{"line":2,"column":38}},"2":{"start":{"line":3,"column":0},"end":{"line":3,"column":0}},"3":{"start":{"line":4,"column":0},"end":{"line":4,"column":23}},"4":{"start":{"line":5,"column":0},"end":{"line":5,"column":19}},"5":{"start":{"line":6,"column":0},"end":{"line":6,"column":17}},"6":{"start":{"line":7,"column":0},"end":{"line":7,"column":1}},"7":{"start":{"line":8,"column":0},"end":{"line":8,"column":0}},"8":{"start":{"line":9,"column":0},"end":{"line":9,"column":57}},"9":{"start":{"line":10,"column":0},"end":{"line":10,"column":56}},"10":{"start":{"line":11,"column":0},"end":{"line":11,"column":51}},"11":{"start":{"line":12,"column":0},"end":{"line":12,"column":45}},"12":{"start":{"line":13,"column":0},"end":{"line":13,"column":0}},"13":{"start":{"line":14,"column":0},"end":{"line":14,"column":54}},"14":{"start":{"line":15,"column":0},"end":{"line":15,"column":0}},"15":{"start":{"line":16,"column":0},"end":{"line":16,"column":19}},"16":{"start":{"line":17,"column":0},"end":{"line":17,"column":62}},"17":{"start":{"line":18,"column":0},"end":{"line":18,"column":22}},"18":{"start":{"line":19,"column":0},"end":{"line":19,"column":40}},"19":{"start":{"line":20,"column":0},"end":{"line":20,"column":5}},"20":{"start":{"line":21,"column":0},"end":{"line":21,"column":25}},"21":{"start":{"line":22,"column":0},"end":{"line":22,"column":0}},"22":{"start":{"line":23,"column":0},"end":{"line":23,"column":49}},"23":{"start":{"line":24,"column":0},"end":{"line":24,"column":68}},"24":{"start":{"line":25,"column":0},"end":{"line":25,"column":4}},"25":{"start":{"line":26,"column":0},"end":{"line":26,"column":0}},"26":{"start":{"line":27,"column":0},"end":{"line":27,"column":31}},"27":{"start":{"line":28,"column":0},"end":{"line":28,"column":46}},"28":{"start":{"line":29,"column":0},"end":{"line":29,"column":43}},"29":{"start":{"line":30,"column":0},"end":{"line":30,"column":25}},"30":{"start":{"line":31,"column":0},"end":{"line":31,"column":30}},"31":{"start":{"line":32,"column":0},"end":{"line":32,"column":5}},"32":{"start":{"line":33,"column":0},"end":{"line":33,"column":19}},"33":{"start":{"line":34,"column":0},"end":{"line":34,"column":26}},"34":{"start":{"line":35,"column":0},"end":{"line":35,"column":4}},"35":{"start":{"line":36,"column":0},"end":{"line":36,"column":0}},"36":{"start":{"line":37,"column":0},"end":{"line":37,"column":54}},"37":{"start":{"line":38,"column":0},"end":{"line":38,"column":67}},"38":{"start":{"line":39,"column":0},"end":{"line":39,"column":23}},"39":{"start":{"line":40,"column":0},"end":{"line":40,"column":28}},"40":{"start":{"line":41,"column":0},"end":{"line":41,"column":4}},"41":{"start":{"line":42,"column":0},"end":{"line":42,"column":0}},"42":{"start":{"line":43,"column":0},"end":{"line":43,"column":10}},"43":{"start":{"line":44,"column":0},"end":{"line":44,"column":48}},"44":{"start":{"line":45,"column":0},"end":{"line":45,"column":13}},"45":{"start":{"line":46,"column":0},"end":{"line":46,"column":91}},"46":{"start":{"line":47,"column":0},"end":{"line":47,"column":45}},"47":{"start":{"line":48,"column":0},"end":{"line":48,"column":30}},"48":{"start":{"line":49,"column":0},"end":{"line":49,"column":15}},"49":{"start":{"line":50,"column":0},"end":{"line":50,"column":48}},"50":{"start":{"line":51,"column":0},"end":{"line":51,"column":30}},"51":{"start":{"line":52,"column":0},"end":{"line":52,"column":20}},"52":{"start":{"line":53,"column":0},"end":{"line":53,"column":22}},"53":{"start":{"line":54,"column":0},"end":{"line":54,"column":23}},"54":{"start":{"line":55,"column":0},"end":{"line":55,"column":51}},"55":{"start":{"line":56,"column":0},"end":{"line":56,"column":12}},"56":{"start":{"line":57,"column":0},"end":{"line":57,"column":11}},"57":{"start":{"line":58,"column":0},"end":{"line":58,"column":12}},"58":{"start":{"line":59,"column":0},"end":{"line":59,"column":0}},"59":{"start":{"line":60,"column":0},"end":{"line":60,"column":23}},"60":{"start":{"line":61,"column":0},"end":{"line":61,"column":95}},"61":{"start":{"line":62,"column":0},"end":{"line":62,"column":61}},"62":{"start":{"line":63,"column":0},"end":{"line":63,"column":51}},"63":{"start":{"line":64,"column":0},"end":{"line":64,"column":63}},"64":{"start":{"line":65,"column":0},"end":{"line":65,"column":17}},"65":{"start":{"line":66,"column":0},"end":{"line":66,"column":18}},"66":{"start":{"line":67,"column":0},"end":{"line":67,"column":25}},"67":{"start":{"line":68,"column":0},"end":{"line":68,"column":29}},"68":{"start":{"line":69,"column":0},"end":{"line":69,"column":58}},"69":{"start":{"line":70,"column":0},"end":{"line":70,"column":44}},"70":{"start":{"line":71,"column":0},"end":{"line":71,"column":153}},"71":{"start":{"line":72,"column":0},"end":{"line":72,"column":14}},"72":{"start":{"line":73,"column":0},"end":{"line":73,"column":56}},"73":{"start":{"line":74,"column":0},"end":{"line":74,"column":21}},"74":{"start":{"line":75,"column":0},"end":{"line":75,"column":39}},"75":{"start":{"line":76,"column":0},"end":{"line":76,"column":97}},"76":{"start":{"line":77,"column":0},"end":{"line":77,"column":25}},"77":{"start":{"line":78,"column":0},"end":{"line":78,"column":23}},"78":{"start":{"line":79,"column":0},"end":{"line":79,"column":21}},"79":{"start":{"line":80,"column":0},"end":{"line":80,"column":53}},"80":{"start":{"line":81,"column":0},"end":{"line":81,"column":97}},"81":{"start":{"line":82,"column":0},"end":{"line":82,"column":25}},"82":{"start":{"line":83,"column":0},"end":{"line":83,"column":23}},"83":{"start":{"line":84,"column":0},"end":{"line":84,"column":18}},"84":{"start":{"line":85,"column":0},"end":{"line":85,"column":16}},"85":{"start":{"line":86,"column":0},"end":{"line":86,"column":14}},"86":{"start":{"line":87,"column":0},"end":{"line":87,"column":8}},"87":{"start":{"line":88,"column":0},"end":{"line":88,"column":10}},"88":{"start":{"line":89,"column":0},"end":{"line":89,"column":4}},"89":{"start":{"line":90,"column":0},"end":{"line":90,"column":1}}},"s":{"0":1,"1":1,"2":1,"3":1,"4":1,"5":1,"6":1,"7":1,"8":1,"9":20,"10":20,"11":20,"12":20,"13":20,"14":20,"15":20,"16":7,"17":7,"18":3,"19":3,"20":20,"21":20,"22":20,"23":2,"24":2,"25":20,"26":20,"27":2,"28":1,"29":1,"30":1,"31":1,"32":2,"33":2,"34":2,"35":20,"36":20,"37":1,"38":1,"39":1,"40":1,"41":20,"42":20,"43":20,"44":20,"45":20,"46":20,"47":20,"48":20,"49":20,"50":20,"51":10,"52":10,"53":10,"54":10,"55":10,"56":20,"57":20,"58":20,"59":20,"60":6,"61":6,"62":6,"63":6,"64":6,"65":6,"66":6,"67":6,"68":6,"69":6,"70":6,"71":6,"72":6,"73":6,"74":6,"75":6,"76":6,"77":6,"78":6,"79":6,"80":6,"81":6,"82":6,"83":6,"84":6,"85":6,"86":20,"87":20,"88":20,"89":20},"branchMap":{"0":{"type":"branch","line":9,"loc":{"start":{"line":9,"column":7},"end":{"line":90,"column":1}},"locations":[{"start":{"line":9,"column":7},"end":{"line":90,"column":1}}]},"1":{"type":"branch","line":60,"loc":{"start":{"line":60,"column":7},"end":{"line":86,"column":14}},"locations":[{"start":{"line":60,"column":7},"end":{"line":86,"column":14}}]},"2":{"type":"branch","line":14,"loc":{"start":{"line":14,"column":24},"end":{"line":14,"column":54}},"locations":[{"start":{"line":14,"column":24},"end":{"line":14,"column":54}}]},"3":{"type":"branch","line":16,"loc":{"start":{"line":16,"column":12},"end":{"line":21,"column":5}},"locations":[{"start":{"line":16,"column":12},"end":{"line":21,"column":5}}]},"4":{"type":"branch","line":18,"loc":{"start":{"line":18,"column":21},"end":{"line":20,"column":5}},"locations":[{"start":{"line":18,"column":21},"end":{"line":20,"column":5}}]},"5":{"type":"branch","line":23,"loc":{"start":{"line":23,"column":24},"end":{"line":25,"column":4}},"locations":[{"start":{"line":23,"column":24},"end":{"line":25,"column":4}}]},"6":{"type":"branch","line":27,"loc":{"start":{"line":27,"column":24},"end":{"line":35,"column":4}},"locations":[{"start":{"line":27,"column":24},"end":{"line":35,"column":4}}]},"7":{"type":"branch","line":28,"loc":{"start":{"line":28,"column":45},"end":{"line":32,"column":5}},"locations":[{"start":{"line":28,"column":45},"end":{"line":32,"column":5}}]},"8":{"type":"branch","line":37,"loc":{"start":{"line":37,"column":27},"end":{"line":41,"column":4}},"locations":[{"start":{"line":37,"column":27},"end":{"line":41,"column":4}}]},"9":{"type":"branch","line":38,"loc":{"start":{"line":38,"column":34},"end":{"line":38,"column":65}},"locations":[{"start":{"line":38,"column":34},"end":{"line":38,"column":65}}]},"10":{"type":"branch","line":47,"loc":{"start":{"line":47,"column":17},"end":{"line":47,"column":45}},"locations":[{"start":{"line":47,"column":17},"end":{"line":47,"column":45}}]},"11":{"type":"branch","line":51,"loc":{"start":{"line":51,"column":19},"end":{"line":56,"column":12}},"locations":[{"start":{"line":51,"column":19},"end":{"line":56,"column":12}}]},"12":{"type":"branch","line":55,"loc":{"start":{"line":55,"column":22},"end":{"line":55,"column":51}},"locations":[{"start":{"line":55,"column":22},"end":{"line":55,"column":51}}]},"13":{"type":"branch","line":69,"loc":{"start":{"line":69,"column":24},"end":{"line":69,"column":58}},"locations":[{"start":{"line":69,"column":24},"end":{"line":69,"column":58}}]},"14":{"type":"branch","line":80,"loc":{"start":{"line":80,"column":25},"end":{"line":80,"column":53}},"locations":[{"start":{"line":80,"column":25},"end":{"line":80,"column":53}}]}},"b":{"0":[20],"1":[6],"2":[9],"3":[7],"4":[3],"5":[2],"6":[2],"7":[1],"8":[1],"9":[2],"10":[4],"11":[10],"12":[1],"13":[2],"14":[1]},"fnMap":{"0":{"name":"Letter","decl":{"start":{"line":9,"column":7},"end":{"line":90,"column":1}},"loc":{"start":{"line":9,"column":7},"end":{"line":90,"column":1}},"line":9},"1":{"name":"getStorageKey","decl":{"start":{"line":14,"column":24},"end":{"line":14,"column":54}},"loc":{"start":{"line":14,"column":24},"end":{"line":14,"column":54}},"line":14},"2":{"name":"updateStorage","decl":{"start":{"line":23,"column":24},"end":{"line":25,"column":4}},"loc":{"start":{"line":23,"column":24},"end":{"line":25,"column":4}},"line":23},"3":{"name":"handleAddWord","decl":{"start":{"line":27,"column":24},"end":{"line":35,"column":4}},"loc":{"start":{"line":27,"column":24},"end":{"line":35,"column":4}},"line":27},"4":{"name":"handleDeleteWord","decl":{"start":{"line":37,"column":27},"end":{"line":41,"column":4}},"loc":{"start":{"line":37,"column":27},"end":{"line":41,"column":4}},"line":37},"5":{"name":"onClick","decl":{"start":{"line":47,"column":17},"end":{"line":47,"column":45}},"loc":{"start":{"line":47,"column":17},"end":{"line":47,"column":45}},"line":47},"6":{"name":"onDelete","decl":{"start":{"line":55,"column":22},"end":{"line":55,"column":51}},"loc":{"start":{"line":55,"column":22},"end":{"line":55,"column":51}},"line":55},"7":{"name":"onChange","decl":{"start":{"line":69,"column":24},"end":{"line":69,"column":58}},"loc":{"start":{"line":69,"column":24},"end":{"line":69,"column":58}},"line":69},"8":{"name":"onClick","decl":{"start":{"line":80,"column":25},"end":{"line":80,"column":53}},"loc":{"start":{"line":80,"column":25},"end":{"line":80,"column":53}},"line":80}},"f":{"0":20,"1":9,"2":2,"3":2,"4":1,"5":4,"6":1,"7":2,"8":1}}
,"/app/src/components/List/List.tsx": {"path":"/app/src/components/List/List.tsx","all":false,"statementMap":{"0":{"start":{"line":1,"column":0},"end":{"line":1,"column":49}},"1":{"start":{"line":2,"column":0},"end":{"line":2,"column":45}},"2":{"start":{"line":3,"column":0},"end":{"line":3,"column":47}},"3":{"start":{"line":4,"column":0},"end":{"line":4,"column":0}},"4":{"start":{"line":5,"column":0},"end":{"line":5,"column":35}},"5":{"start":{"line":6,"column":0},"end":{"line":6,"column":0}},"6":{"start":{"line":7,"column":0},"end":{"line":7,"column":24}},"7":{"start":{"line":8,"column":0},"end":{"line":8,"column":49}},"8":{"start":{"line":9,"column":0},"end":{"line":9,"column":33}},"9":{"start":{"line":10,"column":0},"end":{"line":10,"column":0}},"10":{"start":{"line":11,"column":0},"end":{"line":11,"column":19}},"11":{"start":{"line":12,"column":0},"end":{"line":12,"column":54}},"12":{"start":{"line":13,"column":0},"end":{"line":13,"column":21}},"13":{"start":{"line":14,"column":0},"end":{"line":14,"column":38}},"14":{"start":{"line":15,"column":0},"end":{"line":15,"column":5}},"15":{"start":{"line":16,"column":0},"end":{"line":16,"column":9}},"16":{"start":{"line":17,"column":0},"end":{"line":17,"column":0}},"17":{"start":{"line":18,"column":0},"end":{"line":18,"column":48}},"18":{"start":{"line":19,"column":0},"end":{"line":19,"column":60}},"19":{"start":{"line":20,"column":0},"end":{"line":20,"column":4}},"20":{"start":{"line":21,"column":0},"end":{"line":21,"column":0}},"21":{"start":{"line":22,"column":0},"end":{"line":22,"column":48}},"22":{"start":{"line":23,"column":0},"end":{"line":23,"column":65}},"23":{"start":{"line":24,"column":0},"end":{"line":24,"column":21}},"24":{"start":{"line":25,"column":0},"end":{"line":25,"column":27}},"25":{"start":{"line":26,"column":0},"end":{"line":26,"column":55}},"26":{"start":{"line":27,"column":0},"end":{"line":27,"column":4}},"27":{"start":{"line":28,"column":0},"end":{"line":28,"column":0}},"28":{"start":{"line":29,"column":0},"end":{"line":29,"column":41}},"29":{"start":{"line":30,"column":0},"end":{"line":30,"column":30}},"30":{"start":{"line":31,"column":0},"end":{"line":31,"column":4}},"31":{"start":{"line":32,"column":0},"end":{"line":32,"column":0}},"32":{"start":{"line":33,"column":0},"end":{"line":33,"column":46}},"33":{"start":{"line":34,"column":0},"end":{"line":34,"column":45}},"34":{"start":{"line":35,"column":0},"end":{"line":35,"column":41}},"35":{"start":{"line":36,"column":0},"end":{"line":36,"column":23}},"36":{"start":{"line":37,"column":0},"end":{"line":37,"column":29}},"37":{"start":{"line":38,"column":0},"end":{"line":38,"column":27}},"38":{"start":{"line":39,"column":0},"end":{"line":39,"column":5}},"39":{"start":{"line":40,"column":0},"end":{"line":40,"column":4}},"40":{"start":{"line":41,"column":0},"end":{"line":41,"column":0}},"41":{"start":{"line":42,"column":0},"end":{"line":42,"column":10}},"42":{"start":{"line":43,"column":0},"end":{"line":43,"column":25}},"43":{"start":{"line":44,"column":0},"end":{"line":44,"column":20}},"44":{"start":{"line":45,"column":0},"end":{"line":45,"column":32}},"45":{"start":{"line":46,"column":0},"end":{"line":46,"column":51}},"46":{"start":{"line":47,"column":0},"end":{"line":47,"column":8}},"47":{"start":{"line":48,"column":0},"end":{"line":48,"column":58}},"48":{"start":{"line":49,"column":0},"end":{"line":49,"column":28}},"49":{"start":{"line":50,"column":0},"end":{"line":50,"column":11}},"50":{"start":{"line":51,"column":0},"end":{"line":51,"column":32}},"51":{"start":{"line":52,"column":0},"end":{"line":52,"column":29}},"52":{"start":{"line":53,"column":0},"end":{"line":53,"column":80}},"53":{"start":{"line":54,"column":0},"end":{"line":54,"column":19}},"54":{"start":{"line":55,"column":0},"end":{"line":55,"column":100}},"55":{"start":{"line":56,"column":0},"end":{"line":56,"column":48}},"56":{"start":{"line":57,"column":0},"end":{"line":57,"column":20}},"57":{"start":{"line":58,"column":0},"end":{"line":58,"column":21}},"58":{"start":{"line":59,"column":0},"end":{"line":59,"column":19}},"59":{"start":{"line":60,"column":0},"end":{"line":60,"column":98}},"60":{"start":{"line":61,"column":0},"end":{"line":61,"column":47}},"61":{"start":{"line":62,"column":0},"end":{"line":62,"column":15}},"62":{"start":{"line":63,"column":0},"end":{"line":63,"column":21}},"63":{"start":{"line":64,"column":0},"end":{"line":64,"column":15}},"64":{"start":{"line":65,"column":0},"end":{"line":65,"column":11}},"65":{"start":{"line":66,"column":0},"end":{"line":66,"column":11}},"66":{"start":{"line":67,"column":0},"end":{"line":67,"column":10}},"67":{"start":{"line":68,"column":0},"end":{"line":68,"column":4}},"68":{"start":{"line":69,"column":0},"end":{"line":69,"column":1}}},"s":{"0":1,"1":1,"2":1,"3":1,"4":1,"5":1,"6":1,"7":10,"8":10,"9":10,"10":10,"11":5,"12":5,"13":3,"14":3,"15":10,"16":10,"17":10,"18":2,"19":2,"20":10,"21":10,"22":1,"23":1,"24":1,"25":1,"26":1,"27":10,"28":10,"29":2,"30":2,"31":10,"32":10,"33":1,"34":1,"35":1,"36":1,"37":1,"38":1,"39":1,"40":10,"41":10,"42":10,"43":10,"44":10,"45":10,"46":10,"47":10,"48":10,"49":10,"50":10,"51":10,"52":7,"53":7,"54":7,"55":7,"56":7,"57":7,"58":7,"59":7,"60":7,"61":7,"62":7,"63":7,"64":10,"65":10,"66":10,"67":10,"68":10},"branchMap":{"0":{"type":"branch","line":7,"loc":{"start":{"line":7,"column":7},"end":{"line":69,"column":1}},"locations":[{"start":{"line":7,"column":7},"end":{"line":69,"column":1}}]},"1":{"type":"branch","line":11,"loc":{"start":{"line":11,"column":12},"end":{"line":16,"column":5}},"locations":[{"start":{"line":11,"column":12},"end":{"line":16,"column":5}}]},"2":{"type":"branch","line":13,"loc":{"start":{"line":13,"column":20},"end":{"line":15,"column":5}},"locations":[{"start":{"line":13,"column":20},"end":{"line":15,"column":5}}]},"3":{"type":"branch","line":18,"loc":{"start":{"line":18,"column":24},"end":{"line":20,"column":4}},"locations":[{"start":{"line":18,"column":24},"end":{"line":20,"column":4}}]},"4":{"type":"branch","line":22,"loc":{"start":{"line":22,"column":21},"end":{"line":27,"column":4}},"locations":[{"start":{"line":22,"column":21},"end":{"line":27,"column":4}}]},"5":{"type":"branch","line":23,"loc":{"start":{"line":23,"column":32},"end":{"line":23,"column":63}},"locations":[{"start":{"line":23,"column":32},"end":{"line":23,"column":63}}]},"6":{"type":"branch","line":29,"loc":{"start":{"line":29,"column":22},"end":{"line":31,"column":4}},"locations":[{"start":{"line":29,"column":22},"end":{"line":31,"column":4}}]},"7":{"type":"branch","line":33,"loc":{"start":{"line":33,"column":24},"end":{"line":40,"column":4}},"locations":[{"start":{"line":33,"column":24},"end":{"line":40,"column":4}}]},"8":{"type":"branch","line":46,"loc":{"start":{"line":46,"column":16},"end":{"line":46,"column":51}},"locations":[{"start":{"line":46,"column":16},"end":{"line":46,"column":51}}]},"9":{"type":"branch","line":52,"loc":{"start":{"line":52,"column":18},"end":{"line":64,"column":15}},"locations":[{"start":{"line":52,"column":18},"end":{"line":64,"column":15}}]},"10":{"type":"branch","line":56,"loc":{"start":{"line":56,"column":23},"end":{"line":56,"column":48}},"locations":[{"start":{"line":56,"column":23},"end":{"line":56,"column":48}}]},"11":{"type":"branch","line":61,"loc":{"start":{"line":61,"column":23},"end":{"line":61,"column":47}},"locations":[{"start":{"line":61,"column":23},"end":{"line":61,"column":47}}]}},"b":{"0":[10],"1":[5],"2":[3],"3":[2],"4":[1],"5":[2],"6":[2],"7":[1],"8":[1],"9":[7],"10":[1],"11":[1]},"fnMap":{"0":{"name":"List","decl":{"start":{"line":7,"column":7},"end":{"line":69,"column":1}},"loc":{"start":{"line":7,"column":7},"end":{"line":69,"column":1}},"line":7},"1":{"name":"updateStorage","decl":{"start":{"line":18,"column":24},"end":{"line":20,"column":4}},"loc":{"start":{"line":18,"column":24},"end":{"line":20,"column":4}},"line":18},"2":{"name":"deleteItem","decl":{"start":{"line":22,"column":21},"end":{"line":27,"column":4}},"loc":{"start":{"line":22,"column":21},"end":{"line":27,"column":4}},"line":22},"3":{"name":"showAbcList","decl":{"start":{"line":29,"column":22},"end":{"line":31,"column":4}},"loc":{"start":{"line":29,"column":22},"end":{"line":31,"column":4}},"line":29},"4":{"name":"createNewItem","decl":{"start":{"line":33,"column":24},"end":{"line":40,"column":4}},"loc":{"start":{"line":33,"column":24},"end":{"line":40,"column":4}},"line":33},"5":{"name":"onSave","decl":{"start":{"line":46,"column":16},"end":{"line":46,"column":51}},"loc":{"start":{"line":46,"column":16},"end":{"line":46,"column":51}},"line":46},"6":{"name":"onClick","decl":{"start":{"line":56,"column":23},"end":{"line":56,"column":48}},"loc":{"start":{"line":56,"column":23},"end":{"line":56,"column":48}},"line":56},"7":{"name":"onClick","decl":{"start":{"line":61,"column":23},"end":{"line":61,"column":47}},"loc":{"start":{"line":61,"column":23},"end":{"line":61,"column":47}},"line":61}},"f":{"0":10,"1":2,"2":1,"3":2,"4":1,"5":1,"6":1,"7":1}}
,"/app/src/components/List/ListItem.tsx": {"path":"/app/src/components/List/ListItem.tsx","all":false,"statementMap":{"0":{"start":{"line":1,"column":0},"end":{"line":1,"column":39}},"1":{"start":{"line":2,"column":0},"end":{"line":2,"column":43}},"2":{"start":{"line":3,"column":0},"end":{"line":3,"column":32}},"3":{"start":{"line":4,"column":0},"end":{"line":4,"column":0}},"4":{"start":{"line":5,"column":0},"end":{"line":5,"column":28}},"5":{"start":{"line":6,"column":0},"end":{"line":6,"column":45}},"6":{"start":{"line":7,"column":0},"end":{"line":7,"column":0}},"7":{"start":{"line":8,"column":0},"end":{"line":8,"column":19}},"8":{"start":{"line":9,"column":0},"end":{"line":9,"column":15}},"9":{"start":{"line":10,"column":0},"end":{"line":10,"column":47}},"10":{"start":{"line":11,"column":0},"end":{"line":11,"column":5}},"11":{"start":{"line":12,"column":0},"end":{"line":12,"column":13}},"12":{"start":{"line":13,"column":0},"end":{"line":13,"column":0}},"13":{"start":{"line":14,"column":0},"end":{"line":14,"column":37}},"14":{"start":{"line":15,"column":0},"end":{"line":15,"column":29}},"15":{"start":{"line":16,"column":0},"end":{"line":16,"column":4}},"16":{"start":{"line":17,"column":0},"end":{"line":17,"column":0}},"17":{"start":{"line":18,"column":0},"end":{"line":18,"column":53}},"18":{"start":{"line":19,"column":0},"end":{"line":19,"column":32}},"19":{"start":{"line":20,"column":0},"end":{"line":20,"column":4}},"20":{"start":{"line":21,"column":0},"end":{"line":21,"column":0}},"21":{"start":{"line":22,"column":0},"end":{"line":22,"column":10}},"22":{"start":{"line":23,"column":0},"end":{"line":23,"column":25}},"23":{"start":{"line":24,"column":0},"end":{"line":24,"column":58}},"24":{"start":{"line":25,"column":0},"end":{"line":25,"column":28}},"25":{"start":{"line":26,"column":0},"end":{"line":26,"column":11}},"26":{"start":{"line":27,"column":0},"end":{"line":27,"column":68}},"27":{"start":{"line":28,"column":0},"end":{"line":28,"column":33}},"28":{"start":{"line":29,"column":0},"end":{"line":29,"column":42}},"29":{"start":{"line":30,"column":0},"end":{"line":30,"column":61}},"30":{"start":{"line":31,"column":0},"end":{"line":31,"column":16}},"31":{"start":{"line":32,"column":0},"end":{"line":32,"column":11}},"32":{"start":{"line":33,"column":0},"end":{"line":33,"column":12}},"33":{"start":{"line":34,"column":0},"end":{"line":34,"column":10}},"34":{"start":{"line":35,"column":0},"end":{"line":35,"column":4}},"35":{"start":{"line":36,"column":0},"end":{"line":36,"column":1}}},"s":{"0":1,"1":1,"2":1,"3":1,"4":1,"5":3,"6":3,"7":3,"8":3,"9":3,"10":3,"11":3,"12":3,"13":3,"14":78,"15":78,"16":3,"17":3,"18":78,"19":3,"20":3,"21":3,"22":3,"23":3,"24":3,"25":3,"26":3,"27":3,"28":78,"29":78,"30":78,"31":3,"32":3,"33":3,"34":3,"35":3},"branchMap":{"0":{"type":"branch","line":5,"loc":{"start":{"line":5,"column":7},"end":{"line":36,"column":1}},"locations":[{"start":{"line":5,"column":7},"end":{"line":36,"column":1}}]},"1":{"type":"branch","line":8,"loc":{"start":{"line":8,"column":12},"end":{"line":12,"column":5}},"locations":[{"start":{"line":8,"column":12},"end":{"line":12,"column":5}}]},"2":{"type":"branch","line":14,"loc":{"start":{"line":14,"column":22},"end":{"line":16,"column":4}},"locations":[{"start":{"line":14,"column":22},"end":{"line":16,"column":4}}]},"3":{"type":"branch","line":18,"loc":{"start":{"line":18,"column":44},"end":{"line":19,"column":32}},"locations":[{"start":{"line":18,"column":44},"end":{"line":19,"column":32}}]},"4":{"type":"branch","line":28,"loc":{"start":{"line":28,"column":22},"end":{"line":31,"column":16}},"locations":[{"start":{"line":28,"column":22},"end":{"line":31,"column":16}}]}},"b":{"0":[3],"1":[3],"2":[78],"3":[78],"4":[78]},"fnMap":{"0":{"name":"ListItem","decl":{"start":{"line":5,"column":7},"end":{"line":36,"column":1}},"loc":{"start":{"line":5,"column":7},"end":{"line":36,"column":1}},"line":5},"1":{"name":"getCacheKey","decl":{"start":{"line":14,"column":22},"end":{"line":16,"column":4}},"loc":{"start":{"line":14,"column":22},"end":{"line":16,"column":4}},"line":14}},"f":{"0":3,"1":78}}
,"/app/src/components/List/SavedWord.tsx": {"path":"/app/src/components/List/SavedWord.tsx","all":false,"statementMap":{"0":{"start":{"line":1,"column":0},"end":{"line":1,"column":38}},"1":{"start":{"line":2,"column":0},"end":{"line":2,"column":47}},"2":{"start":{"line":3,"column":0},"end":{"line":3,"column":0}},"3":{"start":{"line":4,"column":0},"end":{"line":4,"column":26}},"4":{"start":{"line":5,"column":0},"end":{"line":5,"column":15}},"5":{"start":{"line":6,"column":0},"end":{"line":6,"column":24}},"6":{"start":{"line":7,"column":0},"end":{"line":7,"column":1}},"7":{"start":{"line":8,"column":0},"end":{"line":8,"column":0}},"8":{"start":{"line":9,"column":0},"end":{"line":9,"column":61}},"9":{"start":{"line":10,"column":0},"end":{"line":10,"column":54}},"10":{"start":{"line":11,"column":0},"end":{"line":11,"column":0}},"11":{"start":{"line":12,"column":0},"end":{"line":12,"column":30}},"12":{"start":{"line":13,"column":0},"end":{"line":13,"column":25}},"13":{"start":{"line":14,"column":0},"end":{"line":14,"column":19}},"14":{"start":{"line":15,"column":0},"end":{"line":15,"column":17}},"15":{"start":{"line":16,"column":0},"end":{"line":16,"column":5}},"16":{"start":{"line":17,"column":0},"end":{"line":17,"column":4}},"17":{"start":{"line":18,"column":0},"end":{"line":18,"column":0}},"18":{"start":{"line":19,"column":0},"end":{"line":19,"column":10}},"19":{"start":{"line":20,"column":0},"end":{"line":20,"column":26}},"20":{"start":{"line":21,"column":0},"end":{"line":21,"column":13}},"21":{"start":{"line":22,"column":0},"end":{"line":22,"column":88}},"22":{"start":{"line":23,"column":0},"end":{"line":23,"column":44}},"23":{"start":{"line":24,"column":0},"end":{"line":24,"column":14}},"24":{"start":{"line":25,"column":0},"end":{"line":25,"column":15}},"25":{"start":{"line":26,"column":0},"end":{"line":26,"column":20}},"26":{"start":{"line":27,"column":0},"end":{"line":27,"column":27}},"27":{"start":{"line":28,"column":0},"end":{"line":28,"column":30}},"28":{"start":{"line":29,"column":0},"end":{"line":29,"column":44}},"29":{"start":{"line":30,"column":0},"end":{"line":30,"column":31}},"30":{"start":{"line":31,"column":0},"end":{"line":31,"column":8}},"31":{"start":{"line":32,"column":0},"end":{"line":32,"column":10}},"32":{"start":{"line":33,"column":0},"end":{"line":33,"column":4}},"33":{"start":{"line":34,"column":0},"end":{"line":34,"column":1}}},"s":{"0":1,"1":1,"2":1,"3":1,"4":1,"5":1,"6":1,"7":1,"8":1,"9":20,"10":20,"11":20,"12":2,"13":2,"14":2,"15":2,"16":2,"17":20,"18":20,"19":20,"20":20,"21":20,"22":20,"23":20,"24":20,"25":20,"26":20,"27":20,"28":20,"29":20,"30":20,"31":20,"32":20,"33":20},"branchMap":{"0":{"type":"branch","line":9,"loc":{"start":{"line":9,"column":7},"end":{"line":34,"column":1}},"locations":[{"start":{"line":9,"column":7},"end":{"line":34,"column":1}}]},"1":{"type":"branch","line":12,"loc":{"start":{"line":12,"column":23},"end":{"line":17,"column":4}},"locations":[{"start":{"line":12,"column":23},"end":{"line":17,"column":4}}]},"2":{"type":"branch","line":23,"loc":{"start":{"line":23,"column":17},"end":{"line":23,"column":44}},"locations":[{"start":{"line":23,"column":17},"end":{"line":23,"column":44}}]},"3":{"type":"branch","line":29,"loc":{"start":{"line":29,"column":17},"end":{"line":29,"column":44}},"locations":[{"start":{"line":29,"column":17},"end":{"line":29,"column":44}}]}},"b":{"0":[20],"1":[2],"2":[4],"3":[1]},"fnMap":{"0":{"name":"SavedWord","decl":{"start":{"line":9,"column":7},"end":{"line":34,"column":1}},"loc":{"start":{"line":9,"column":7},"end":{"line":34,"column":1}},"line":9},"1":{"name":"handleDelete","decl":{"start":{"line":12,"column":23},"end":{"line":17,"column":4}},"loc":{"start":{"line":12,"column":23},"end":{"line":17,"column":4}},"line":12},"2":{"name":"onClick","decl":{"start":{"line":23,"column":17},"end":{"line":23,"column":44}},"loc":{"start":{"line":23,"column":17},"end":{"line":23,"column":44}},"line":23},"3":{"name":"onAbort","decl":{"start":{"line":29,"column":17},"end":{"line":29,"column":44}},"loc":{"start":{"line":29,"column":17},"end":{"line":29,"column":44}},"line":29}},"f":{"0":20,"1":2,"2":4,"3":1}}
,"/app/src/themes/default.tsx": {"path":"/app/src/themes/default.tsx","all":true,"statementMap":{"0":{"start":{"line":1,"column":0},"end":{"line":1,"column":61}},"1":{"start":{"line":2,"column":0},"end":{"line":2,"column":0}},"2":{"start":{"line":3,"column":0},"end":{"line":3,"column":23}},"3":{"start":{"line":4,"column":0},"end":{"line":4,"column":51}},"4":{"start":{"line":5,"column":0},"end":{"line":5,"column":1}},"5":{"start":{"line":6,"column":0},"end":{"line":6,"column":0}},"6":{"start":{"line":7,"column":0},"end":{"line":7,"column":35}},"7":{"start":{"line":8,"column":0},"end":{"line":8,"column":9}},"8":{"start":{"line":9,"column":0},"end":{"line":9,"column":21}},"9":{"start":{"line":10,"column":0},"end":{"line":10,"column":4}},"10":{"start":{"line":11,"column":0},"end":{"line":11,"column":15}},"11":{"start":{"line":12,"column":0},"end":{"line":12,"column":24}},"12":{"start":{"line":13,"column":0},"end":{"line":13,"column":4}},"13":{"start":{"line":14,"column":0},"end":{"line":14,"column":13}},"14":{"start":{"line":15,"column":0},"end":{"line":15,"column":12}},"15":{"start":{"line":16,"column":0},"end":{"line":16,"column":25}},"16":{"start":{"line":17,"column":0},"end":{"line":17,"column":29}},"17":{"start":{"line":18,"column":0},"end":{"line":18,"column":26}},"18":{"start":{"line":19,"column":0},"end":{"line":19,"column":14}},"19":{"start":{"line":20,"column":0},"end":{"line":20,"column":4}},"20":{"start":{"line":21,"column":0},"end":{"line":21,"column":18}},"21":{"start":{"line":22,"column":0},"end":{"line":22,"column":17}},"22":{"start":{"line":23,"column":0},"end":{"line":23,"column":19}},"23":{"start":{"line":24,"column":0},"end":{"line":24,"column":4}},"24":{"start":{"line":25,"column":0},"end":{"line":25,"column":31}},"25":{"start":{"line":26,"column":0},"end":{"line":26,"column":18}},"26":{"start":{"line":27,"column":0},"end":{"line":27,"column":14}},"27":{"start":{"line":28,"column":0},"end":{"line":28,"column":4}},"28":{"start":{"line":29,"column":0},"end":{"line":29,"column":19}},"29":{"start":{"line":30,"column":0},"end":{"line":30,"column":12}},"30":{"start":{"line":31,"column":0},"end":{"line":31,"column":25}},"31":{"start":{"line":32,"column":0},"end":{"line":32,"column":21}},"32":{"start":{"line":33,"column":0},"end":{"line":33,"column":14}},"33":{"start":{"line":34,"column":0},"end":{"line":34,"column":35}},"34":{"start":{"line":35,"column":0},"end":{"line":35,"column":4}},"35":{"start":{"line":36,"column":0},"end":{"line":36,"column":2}}},"s":{"0":0,"1":0,"2":0,"3":0,"4":0,"5":0,"6":0,"7":0,"8":0,"9":0,"10":0,"11":0,"12":0,"13":0,"14":0,"15":0,"16":0,"17":0,"18":0,"19":0,"20":0,"21":0,"22":0,"23":0,"24":0,"25":0,"26":0,"27":0,"28":0,"29":0,"30":0,"31":0,"32":0,"33":0,"34":0,"35":0},"branchMap":{"0":{"type":"branch","line":1,"loc":{"start":{"line":1,"column":663},"end":{"line":36,"column":2}},"locations":[{"start":{"line":1,"column":663},"end":{"line":36,"column":2}}]}},"b":{"0":[0]},"fnMap":{"0":{"name":"(empty-report)","decl":{"start":{"line":1,"column":663},"end":{"line":36,"column":2}},"loc":{"start":{"line":1,"column":663},"end":{"line":36,"column":2}},"line":1}},"f":{"0":0}}
}
